This file contains any messages produced by compilers while
running configure, to aid debugging if configure makes a mistake.

It was created by SUNDIALS configure 2.3.0, which was
generated by GNU Autoconf 2.60.  Invocation command line was

  $ ./configure CC=gcc CFLAGS=-O2

## --------- ##
## Platform. ##
## --------- ##

hostname = TOM-PC
uname -m = x86_64
uname -r = 2.8.0(0.309/5/3)
uname -s = CYGWIN_NT-10.0
uname -v = 2017-04-01 20:47

/usr/bin/uname -p = unknown
/bin/uname -X     = unknown

/bin/arch              = x86_64
/usr/bin/arch -k       = unknown
/usr/convex/getsysinfo = unknown
/usr/bin/hostinfo      = unknown
/bin/machine           = unknown
/usr/bin/oslevel       = unknown
/bin/universe          = unknown

PATH: /cygdrive/c/Users/tompo_000/Anaconda
PATH: /cygdrive/c/Users/tompo_000/Anaconda/Scripts
PATH: /cygdrive/c/Users/tompo_000/bin
PATH: /usr/local/bin
PATH: /usr/bin
PATH: /cygdrive/c/Program Files/Microsoft MPI/Bin
PATH: /cygdrive/c/ProgramData/Oracle/Java/javapath
PATH: /cygdrive/c/WINDOWS/system32
PATH: /cygdrive/c/WINDOWS
PATH: /cygdrive/c/WINDOWS/System32/Wbem
PATH: /cygdrive/c/WINDOWS/System32/WindowsPowerShell/v1.0
PATH: /cygdrive/c/Program Files/Hewlett-Packard/SimplePass
PATH: /cygdrive/c/Program Files (x86)/Windows Live/Shared
PATH: /cygdrive/c/PROGRA~2/Java/JDK18~1.0_2/bin
PATH: /cygdrive/c/Program Files (x86)/ATI Technologies/ATI.ACE/Core-Static
PATH: /cygdrive/c/Program Files (x86)/Windows Kits/8.1/Windows Performance Toolkit
PATH: /cygdrive/c/Program Files (x86)/Meteor
PATH: /usr/bin
PATH: /cygdrive/c/Program Files/nodejs
PATH: /cygdrive/c/Program Files (x86)/Microsoft SDKs/TypeScript/1.0
PATH: /cygdrive/c/Program Files/Apache Software Foundation/apache-maven-3.2.5/bin
PATH: /cygdrive/c/Program Files (x86)/Heroku/bin
PATH: /cygdrive/c/Program Files (x86)/git/cmd
PATH: /cygdrive/c/Program Files/TortoiseGit/bin
PATH: /cygdrive/c/Program Files/TortoiseSVN/bin
PATH: /cygdrive/c/Program Files (x86)/Microsoft SQL Server/130/DTS/Binn
PATH: /cygdrive/c/Program Files/Microsoft SQL Server/130/DTS/Binn
PATH: /cygdrive/c/Program Files/Microsoft SQL Server/Client SDK/ODBC/130/Tools/Binn
PATH: /cygdrive/c/Program Files (x86)/Microsoft SQL Server/130/Tools/Binn
PATH: /cygdrive/c/Program Files/Microsoft SQL Server/130/Tools/Binn
PATH: /cygdrive/c/Program Files (x86)/Microsoft SQL Server/Client SDK/ODBC/130/Tools/Binn
PATH: /cygdrive/c/Program Files (x86)/Microsoft SQL Server/130/Tools/Binn/ManagementStudio
PATH: /cygdrive/c/Program Files/Microsoft/Web Platform Installer
PATH: /cygdrive/c/Program Files/Microsoft SQL Server/120/Tools/Binn
PATH: /cygdrive/c/Program Files/Git/cmd
PATH: /cygdrive/c/Program Files/dotnet
PATH: /cygdrive/c/Program Files (x86)/Microsoft SDKs/Azure/CLI/wbin
PATH: /cygdrive/c/Program Files/Microsoft Service Fabric/bin/Fabric/Fabric.Code
PATH: /cygdrive/c/Program Files/Microsoft SDKs/Service Fabric/Tools/ServiceFabricLocalClusterManager
PATH: /cygdrive/c/Program Files (x86)/Skype/Phone
PATH: /cygdrive/c/Tcl/bin
PATH: /cygdrive/c/Program Files/Microsoft MPI/Bin
PATH: /cygdrive/c/ProgramData/Oracle/Java/javapath
PATH: /cygdrive/c/WINDOWS/system32
PATH: /cygdrive/c/WINDOWS
PATH: /cygdrive/c/WINDOWS/System32/Wbem
PATH: /cygdrive/c/WINDOWS/System32/WindowsPowerShell/v1.0
PATH: /cygdrive/c/Program Files/Hewlett-Packard/SimplePass
PATH: /cygdrive/c/Program Files (x86)/Windows Live/Shared
PATH: /cygdrive/c/PROGRA~2/Java/JDK18~1.0_2/bin
PATH: /cygdrive/c/Program Files (x86)/ATI Technologies/ATI.ACE/Core-Static
PATH: /cygdrive/c/Program Files (x86)/Windows Kits/8.1/Windows Performance Toolkit
PATH: /cygdrive/c/Program Files (x86)/Meteor
PATH: /usr/bin
PATH: /cygdrive/c/Program Files/nodejs
PATH: /cygdrive/c/Program Files (x86)/Microsoft SDKs/TypeScript/1.0
PATH: /cygdrive/c/Program Files/Apache Software Foundation/apache-maven-3.2.5/bin
PATH: /cygdrive/c/Program Files (x86)/Heroku/bin
PATH: /cygdrive/c/Program Files (x86)/git/cmd
PATH: /cygdrive/c/Program Files/TortoiseGit/bin
PATH: /cygdrive/c/Program Files/TortoiseSVN/bin
PATH: /cygdrive/c/Program Files (x86)/Microsoft SQL Server/130/DTS/Binn
PATH: /cygdrive/c/Program Files/Microsoft SQL Server/130/DTS/Binn
PATH: /cygdrive/c/Program Files/Microsoft SQL Server/Client SDK/ODBC/130/Tools/Binn
PATH: /cygdrive/c/Program Files (x86)/Microsoft SQL Server/130/Tools/Binn
PATH: /cygdrive/c/Program Files/Microsoft SQL Server/130/Tools/Binn
PATH: /cygdrive/c/Program Files (x86)/Microsoft SQL Server/Client SDK/ODBC/130/Tools/Binn
PATH: /cygdrive/c/Program Files (x86)/Microsoft SQL Server/130/Tools/Binn/ManagementStudio
PATH: /cygdrive/c/Program Files/Microsoft/Web Platform Installer
PATH: /cygdrive/c/Program Files/Microsoft SQL Server/120/Tools/Binn
PATH: /cygdrive/c/Program Files/Git/cmd
PATH: /cygdrive/c/Program Files/dotnet
PATH: /cygdrive/c/Program Files (x86)/Microsoft SDKs/Azure/CLI/wbin
PATH: /cygdrive/c/Program Files/Microsoft Service Fabric/bin/Fabric/Fabric.Code
PATH: /cygdrive/c/Program Files/Microsoft SDKs/Service Fabric/Tools/ServiceFabricLocalClusterManager
PATH: /cygdrive/c/Program Files (x86)/Skype/Phone
PATH: /cygdrive/c/Users/tompo_000/AppData/Roaming/npm
PATH: /cygdrive/c/Program Files/Boot2Docker for Windows
PATH: /cygdrive/c/Users/tompo_000/AppData/Local/atom/bin
PATH: /cygdrive/c/Users/tompo_000/AppData/Local/Microsoft/WindowsApps
PATH: /usr/lib/lapack
PATH: /cygdrive/c/Users/tompo_000/apache-ant-1.9.1/bin
PATH: /cygdrive/c/Users/tompo_000/Documents/research/AI/Mona/5.2/bin
PATH: /cygdrive/c/Progra~2/Graphviz2.38/bin


## ----------- ##
## Core tests. ##
## ----------- ##

configure:2262: checking build system type
configure:2271: error: cannot guess build type; you must specify one

## ---------------- ##
## Cache variables. ##
## ---------------- ##

ac_cv_env_CCC_set=
ac_cv_env_CCC_value=
ac_cv_env_CC_set=set
ac_cv_env_CC_value=gcc
ac_cv_env_CFLAGS_set=set
ac_cv_env_CFLAGS_value=-O2
ac_cv_env_CPPFLAGS_set=
ac_cv_env_CPPFLAGS_value=
ac_cv_env_CPP_set=
ac_cv_env_CPP_value=
ac_cv_env_CXXCPP_set=
ac_cv_env_CXXCPP_value=
ac_cv_env_CXXFLAGS_set=
ac_cv_env_CXXFLAGS_value=
ac_cv_env_CXX_set=
ac_cv_env_CXX_value=
ac_cv_env_F77_set=
ac_cv_env_F77_value=
ac_cv_env_FFLAGS_set=
ac_cv_env_FFLAGS_value=
ac_cv_env_LDFLAGS_set=
ac_cv_env_LDFLAGS_value=
ac_cv_env_build_alias_set=
ac_cv_env_build_alias_value=
ac_cv_env_host_alias_set=
ac_cv_env_host_alias_value=
ac_cv_env_target_alias_set=
ac_cv_env_target_alias_value=

## ----------------- ##
## Output variables. ##
## ----------------- ##

AR=''
AS=''
CC='gcc'
CFLAGS='-O2'
CPP=''
CPPFLAGS=''
CXX=''
CXXCPP=''
CXXFLAGS=''
DEFS=''
DLLTOOL=''
ECHO='echo'
ECHO_C=''
ECHO_N='-n'
ECHO_T=''
EGREP=''
EXEEXT=''
EXS_INSTDIR=''
EXS_MODULES=''
F77=''
F77_CASE=''
F77_LNKR=''
F77_MANGLE_MACRO1=''
F77_MANGLE_MACRO2=''
F77_MPI_COMM_F2C=''
F77_UNDERSCORES=''
FCMIX_ENABLED=''
FFLAGS=''
FGREP=''
FLIBS=''
FLOAT_TYPE=''
GENERIC_MATH_LIB=''
GREP=''
INSTALL_DATA=''
INSTALL_PROGRAM=''
INSTALL_SCRIPT=''
LDFLAGS=''
LIBOBJS=''
LIBS=''
LIBTOOL=''
LIBTOOL_DEPS=''
LN_S=''
LTLIBOBJS=''
MATLAB_CMD=''
MATLAB_CMD_FLAGS=''
MEXEXT=''
MEXFLAGS=''
MEXLDADD=''
MEXOPTS=''
MPICC=''
MPICC_COMP=''
MPIF77=''
MPIF77_COMP=''
MPIF77_LNKR=''
MPI_FLAGS=''
MPI_INC_DIR=''
MPI_LIBS=''
MPI_LIB_DIR=''
OBJDUMP=''
OBJEXT=''
PACKAGE_BUGREPORT='radu@llnl.gov'
PACKAGE_NAME='SUNDIALS'
PACKAGE_STRING='SUNDIALS 2.3.0'
PACKAGE_TARNAME='sundials'
PACKAGE_VERSION='2.3.0'
PATH_SEPARATOR=':'
PRECISION_LEVEL=''
RANLIB=''
SET_MAKE=''
SHELL='/bin/sh'
SLV_MODULES=''
STB_INSTDIR=''
STB_MODULES=''
STB_OS=''
STB_PARALLEL_OK=''
STB_PATH=''
STRIP=''
ac_ct_CC=''
ac_ct_CXX=''
ac_ct_F77=''
bindir='${exec_prefix}/bin'
build=''
build_alias=''
build_cpu=''
build_os=''
build_vendor=''
datadir='${datarootdir}'
datarootdir='${prefix}/share'
docdir='${datarootdir}/doc/${PACKAGE_TARNAME}'
dvidir='${docdir}'
exec_prefix='NONE'
host=''
host_alias=''
host_cpu=''
host_os=''
host_vendor=''
htmldir='${docdir}'
includedir='${prefix}/include'
infodir='${datarootdir}/info'
libdir='${exec_prefix}/lib'
libexecdir='${exec_prefix}/libexec'
localedir='${datarootdir}/locale'
localstatedir='${prefix}/var'
mandir='${datarootdir}/man'
oldincludedir='/usr/include'
pdfdir='${docdir}'
prefix='NONE'
program_transform_name='s,x,x,'
psdir='${docdir}'
sbindir='${exec_prefix}/sbin'
sharedstatedir='${prefix}/com'
sysconfdir='${prefix}/etc'
target_alias=''

## ----------- ##
## confdefs.h. ##
## ----------- ##

#define PACKAGE_NAME "SUNDIALS"
#define PACKAGE_TARNAME "sundials"
#define PACKAGE_VERSION "2.3.0"
#define PACKAGE_STRING "SUNDIALS 2.3.0"
#define PACKAGE_BUGREPORT "radu@llnl.gov"

configure: exit 1
